<?xml version="1.0" encoding="UTF-8"?>
<!-- Generated by org.testng.reporters.JUnitReportReporter -->
<testsuite hostname="DESKTOP-PHIMLF5" failures="0" tests="1" name="com.mavenproject.qa.TestCases.RegistrationTest" time="8.636" errors="0" timestamp="2022-08-17T12:23:17 IST" skipped="0">
  <testcase classname="com.mavenproject.qa.TestCases.RegistrationTest" name="FacebookRegistrationPageTest" time="8.636"/>
  <system-out/>
</testsuite> <!-- com.mavenproject.qa.TestCases.RegistrationTest -->
