<?xml version="1.0" encoding="UTF-8"?>
<!-- Generated by org.testng.reporters.JUnitReportReporter -->
<testsuite hostname="DESKTOP-PHIMLF5" failures="0" tests="1" name="com.mavenproject.qa.TestCases.LoginTest" time="7.437" errors="0" timestamp="2022-08-17T12:23:16 IST" skipped="0">
  <testcase classname="com.mavenproject.qa.TestCases.LoginTest" name="FacebookLoginPageTest" time="7.437"/>
  <system-out>
    <![CDATA[verifyFacebookLoginPageLogo
verifyFacebookLoginPageTagline
verifyFacebookLoginPageCreateNewAccountBtn
verifyFacebookLoginPageCreatePage
verifyFacebookLoginPageLogo
setFacebookLoginPageUsername
setFacebookLoginPagePassword
clickFacebookLoginPageLoginBtn]]>
  </system-out>
</testsuite> <!-- com.mavenproject.qa.TestCases.LoginTest -->
